<?xml version="1.0" encoding="UTF-8"?>
<testsuite xmlns:xsi="http://www.w3.org/2001/XMLSchema-instance" xsi:noNamespaceSchemaLocation="https://maven.apache.org/surefire/maven-surefire-plugin/xsd/surefire-test-report.xsd" name="ApplicationTests" time="0.176" tests="1" errors="1" skipped="0" failures="0">
  <properties>
    <property name="gopherProxySet" value="false"/>
    <property name="awt.toolkit" value="sun.lwawt.macosx.LWCToolkit"/>
    <property name="file.encoding.pkg" value="sun.io"/>
    <property name="java.specification.version" value="1.8"/>
    <property name="sun.cpu.isalist" value=""/>
    <property name="sun.jnu.encoding" value="UTF-8"/>
    <property name="java.class.path" value="/Users/nehkumari/Downloads/spring-boot-hibernate-crud-demo/target/test-classes:/Users/nehkumari/Downloads/spring-boot-hibernate-crud-demo/target/classes:/Users/nehkumari/.m2/raptor2/org/springframework/boot/spring-boot-starter-web/2.1.5.RELEASE/spring-boot-starter-web-2.1.5.RELEASE.jar:/Users/nehkumari/.m2/raptor2/org/springframework/boot/spring-boot-starter/2.1.5.RELEASE/spring-boot-starter-2.1.5.RELEASE.jar:/Users/nehkumari/.m2/raptor2/org/springframework/boot/spring-boot/2.1.5.RELEASE/spring-boot-2.1.5.RELEASE.jar:/Users/nehkumari/.m2/raptor2/org/springframework/boot/spring-boot-autoconfigure/2.1.5.RELEASE/spring-boot-autoconfigure-2.1.5.RELEASE.jar:/Users/nehkumari/.m2/raptor2/org/springframework/boot/spring-boot-starter-logging/2.1.5.RELEASE/spring-boot-starter-logging-2.1.5.RELEASE.jar:/Users/nehkumari/.m2/raptor2/ch/qos/logback/logback-classic/1.2.3/logback-classic-1.2.3.jar:/Users/nehkumari/.m2/raptor2/ch/qos/logback/logback-core/1.2.3/logback-core-1.2.3.jar:/Users/nehkumari/.m2/raptor2/org/apache/logging/log4j/log4j-to-slf4j/2.11.2/log4j-to-slf4j-2.11.2.jar:/Users/nehkumari/.m2/raptor2/org/apache/logging/log4j/log4j-api/2.11.2/log4j-api-2.11.2.jar:/Users/nehkumari/.m2/raptor2/org/slf4j/jul-to-slf4j/1.7.26/jul-to-slf4j-1.7.26.jar:/Users/nehkumari/.m2/raptor2/javax/annotation/javax.annotation-api/1.3.2/javax.annotation-api-1.3.2.jar:/Users/nehkumari/.m2/raptor2/org/yaml/snakeyaml/1.23/snakeyaml-1.23.jar:/Users/nehkumari/.m2/raptor2/org/springframework/boot/spring-boot-starter-json/2.1.5.RELEASE/spring-boot-starter-json-2.1.5.RELEASE.jar:/Users/nehkumari/.m2/raptor2/com/fasterxml/jackson/datatype/jackson-datatype-jdk8/2.9.8/jackson-datatype-jdk8-2.9.8.jar:/Users/nehkumari/.m2/raptor2/com/fasterxml/jackson/datatype/jackson-datatype-jsr310/2.9.8/jackson-datatype-jsr310-2.9.8.jar:/Users/nehkumari/.m2/raptor2/com/fasterxml/jackson/module/jackson-module-parameter-names/2.9.8/jackson-module-parameter-names-2.9.8.jar:/Users/nehkumari/.m2/raptor2/org/springframework/boot/spring-boot-starter-tomcat/2.1.5.RELEASE/spring-boot-starter-tomcat-2.1.5.RELEASE.jar:/Users/nehkumari/.m2/raptor2/org/apache/tomcat/embed/tomcat-embed-core/9.0.19/tomcat-embed-core-9.0.19.jar:/Users/nehkumari/.m2/raptor2/org/apache/tomcat/embed/tomcat-embed-el/9.0.19/tomcat-embed-el-9.0.19.jar:/Users/nehkumari/.m2/raptor2/org/apache/tomcat/embed/tomcat-embed-websocket/9.0.19/tomcat-embed-websocket-9.0.19.jar:/Users/nehkumari/.m2/raptor2/org/hibernate/validator/hibernate-validator/6.0.16.Final/hibernate-validator-6.0.16.Final.jar:/Users/nehkumari/.m2/raptor2/javax/validation/validation-api/2.0.1.Final/validation-api-2.0.1.Final.jar:/Users/nehkumari/.m2/raptor2/org/jboss/logging/jboss-logging/3.3.2.Final/jboss-logging-3.3.2.Final.jar:/Users/nehkumari/.m2/raptor2/com/fasterxml/classmate/1.4.0/classmate-1.4.0.jar:/Users/nehkumari/.m2/raptor2/org/springframework/spring-web/5.1.7.RELEASE/spring-web-5.1.7.RELEASE.jar:/Users/nehkumari/.m2/raptor2/org/springframework/spring-beans/5.1.7.RELEASE/spring-beans-5.1.7.RELEASE.jar:/Users/nehkumari/.m2/raptor2/org/springframework/spring-webmvc/5.1.7.RELEASE/spring-webmvc-5.1.7.RELEASE.jar:/Users/nehkumari/.m2/raptor2/org/springframework/spring-aop/5.1.7.RELEASE/spring-aop-5.1.7.RELEASE.jar:/Users/nehkumari/.m2/raptor2/org/springframework/spring-context/5.1.7.RELEASE/spring-context-5.1.7.RELEASE.jar:/Users/nehkumari/.m2/raptor2/org/springframework/spring-expression/5.1.7.RELEASE/spring-expression-5.1.7.RELEASE.jar:/Users/nehkumari/.m2/raptor2/org/springframework/boot/spring-boot-starter-data-jpa/2.1.5.RELEASE/spring-boot-starter-data-jpa-2.1.5.RELEASE.jar:/Users/nehkumari/.m2/raptor2/org/springframework/boot/spring-boot-starter-aop/2.1.5.RELEASE/spring-boot-starter-aop-2.1.5.RELEASE.jar:/Users/nehkumari/.m2/raptor2/org/aspectj/aspectjweaver/1.9.4/aspectjweaver-1.9.4.jar:/Users/nehkumari/.m2/raptor2/org/springframework/boot/spring-boot-starter-jdbc/2.1.5.RELEASE/spring-boot-starter-jdbc-2.1.5.RELEASE.jar:/Users/nehkumari/.m2/raptor2/com/zaxxer/HikariCP/3.2.0/HikariCP-3.2.0.jar:/Users/nehkumari/.m2/raptor2/org/springframework/spring-jdbc/5.1.7.RELEASE/spring-jdbc-5.1.7.RELEASE.jar:/Users/nehkumari/.m2/raptor2/javax/transaction/javax.transaction-api/1.3/javax.transaction-api-1.3.jar:/Users/nehkumari/.m2/raptor2/javax/xml/bind/jaxb-api/2.3.1/jaxb-api-2.3.1.jar:/Users/nehkumari/.m2/raptor2/javax/activation/javax.activation-api/1.2.0/javax.activation-api-1.2.0.jar:/Users/nehkumari/.m2/raptor2/org/hibernate/hibernate-core/5.3.10.Final/hibernate-core-5.3.10.Final.jar:/Users/nehkumari/.m2/raptor2/javax/persistence/javax.persistence-api/2.2/javax.persistence-api-2.2.jar:/Users/nehkumari/.m2/raptor2/org/javassist/javassist/3.23.2-GA/javassist-3.23.2-GA.jar:/Users/nehkumari/.m2/raptor2/net/bytebuddy/byte-buddy/1.9.12/byte-buddy-1.9.12.jar:/Users/nehkumari/.m2/raptor2/antlr/antlr/2.7.7/antlr-2.7.7.jar:/Users/nehkumari/.m2/raptor2/org/jboss/jandex/2.0.5.Final/jandex-2.0.5.Final.jar:/Users/nehkumari/.m2/raptor2/org/dom4j/dom4j/2.1.1/dom4j-2.1.1.jar:/Users/nehkumari/.m2/raptor2/org/hibernate/common/hibernate-commons-annotations/5.0.4.Final/hibernate-commons-annotations-5.0.4.Final.jar:/Users/nehkumari/.m2/raptor2/org/springframework/data/spring-data-jpa/2.1.8.RELEASE/spring-data-jpa-2.1.8.RELEASE.jar:/Users/nehkumari/.m2/raptor2/org/springframework/data/spring-data-commons/2.1.8.RELEASE/spring-data-commons-2.1.8.RELEASE.jar:/Users/nehkumari/.m2/raptor2/org/springframework/spring-orm/5.1.7.RELEASE/spring-orm-5.1.7.RELEASE.jar:/Users/nehkumari/.m2/raptor2/org/springframework/spring-tx/5.1.7.RELEASE/spring-tx-5.1.7.RELEASE.jar:/Users/nehkumari/.m2/raptor2/org/slf4j/slf4j-api/1.7.26/slf4j-api-1.7.26.jar:/Users/nehkumari/.m2/raptor2/org/springframework/spring-aspects/5.1.7.RELEASE/spring-aspects-5.1.7.RELEASE.jar:/Users/nehkumari/.m2/raptor2/org/springframework/boot/spring-boot-starter-thymeleaf/2.1.5.RELEASE/spring-boot-starter-thymeleaf-2.1.5.RELEASE.jar:/Users/nehkumari/.m2/raptor2/org/thymeleaf/thymeleaf-spring5/3.0.11.RELEASE/thymeleaf-spring5-3.0.11.RELEASE.jar:/Users/nehkumari/.m2/raptor2/org/thymeleaf/thymeleaf/3.0.11.RELEASE/thymeleaf-3.0.11.RELEASE.jar:/Users/nehkumari/.m2/raptor2/org/attoparser/attoparser/2.0.5.RELEASE/attoparser-2.0.5.RELEASE.jar:/Users/nehkumari/.m2/raptor2/org/unbescape/unbescape/1.1.6.RELEASE/unbescape-1.1.6.RELEASE.jar:/Users/nehkumari/.m2/raptor2/org/thymeleaf/extras/thymeleaf-extras-java8time/3.0.4.RELEASE/thymeleaf-extras-java8time-3.0.4.RELEASE.jar:/Users/nehkumari/.m2/raptor2/com/h2database/h2/1.4.199/h2-1.4.199.jar:/Users/nehkumari/.m2/raptor2/org/springframework/boot/spring-boot-starter-test/2.1.5.RELEASE/spring-boot-starter-test-2.1.5.RELEASE.jar:/Users/nehkumari/.m2/raptor2/org/springframework/boot/spring-boot-test/2.1.5.RELEASE/spring-boot-test-2.1.5.RELEASE.jar:/Users/nehkumari/.m2/raptor2/org/springframework/boot/spring-boot-test-autoconfigure/2.1.5.RELEASE/spring-boot-test-autoconfigure-2.1.5.RELEASE.jar:/Users/nehkumari/.m2/raptor2/com/jayway/jsonpath/json-path/2.4.0/json-path-2.4.0.jar:/Users/nehkumari/.m2/raptor2/net/minidev/json-smart/2.3/json-smart-2.3.jar:/Users/nehkumari/.m2/raptor2/net/minidev/accessors-smart/1.2/accessors-smart-1.2.jar:/Users/nehkumari/.m2/raptor2/org/ow2/asm/asm/5.0.4/asm-5.0.4.jar:/Users/nehkumari/.m2/raptor2/junit/junit/4.12/junit-4.12.jar:/Users/nehkumari/.m2/raptor2/org/assertj/assertj-core/3.11.1/assertj-core-3.11.1.jar:/Users/nehkumari/.m2/raptor2/org/mockito/mockito-core/2.23.4/mockito-core-2.23.4.jar:/Users/nehkumari/.m2/raptor2/net/bytebuddy/byte-buddy-agent/1.9.12/byte-buddy-agent-1.9.12.jar:/Users/nehkumari/.m2/raptor2/org/objenesis/objenesis/2.6/objenesis-2.6.jar:/Users/nehkumari/.m2/raptor2/org/hamcrest/hamcrest-core/1.3/hamcrest-core-1.3.jar:/Users/nehkumari/.m2/raptor2/org/hamcrest/hamcrest-library/1.3/hamcrest-library-1.3.jar:/Users/nehkumari/.m2/raptor2/org/skyscreamer/jsonassert/1.5.0/jsonassert-1.5.0.jar:/Users/nehkumari/.m2/raptor2/com/vaadin/external/google/android-json/0.0.20131108.vaadin1/android-json-0.0.20131108.vaadin1.jar:/Users/nehkumari/.m2/raptor2/org/springframework/spring-core/5.1.7.RELEASE/spring-core-5.1.7.RELEASE.jar:/Users/nehkumari/.m2/raptor2/org/springframework/spring-jcl/5.1.7.RELEASE/spring-jcl-5.1.7.RELEASE.jar:/Users/nehkumari/.m2/raptor2/org/springframework/spring-test/5.1.7.RELEASE/spring-test-5.1.7.RELEASE.jar:/Users/nehkumari/.m2/raptor2/org/xmlunit/xmlunit-core/2.6.2/xmlunit-core-2.6.2.jar:/Users/nehkumari/.m2/raptor2/com/fasterxml/jackson/core/jackson-databind/2.9.8/jackson-databind-2.9.8.jar:/Users/nehkumari/.m2/raptor2/com/fasterxml/jackson/core/jackson-annotations/2.9.0/jackson-annotations-2.9.0.jar:/Users/nehkumari/.m2/raptor2/com/fasterxml/jackson/core/jackson-core/2.9.8/jackson-core-2.9.8.jar:/Users/nehkumari/.m2/raptor2/org/projectlombok/lombok/1.18.22/lombok-1.18.22.jar:"/>
    <property name="java.vm.vendor" value="Azul Systems, Inc."/>
    <property name="sun.arch.data.model" value="64"/>
    <property name="java.vendor.url" value="http://www.azulsystems.com/"/>
    <property name="user.timezone" value=""/>
    <property name="user.country.format" value="IN"/>
    <property name="java.vm.specification.version" value="1.8"/>
    <property name="os.name" value="Mac OS X"/>
    <property name="user.country" value="GB"/>
    <property name="sun.java.launcher" value="SUN_STANDARD"/>
    <property name="sun.boot.library.path" value="/Library/Java/JavaVirtualMachines/zulu-8.jdk/Contents/Home/jre/lib"/>
    <property name="sun.java.command" value="/Users/nehkumari/Downloads/spring-boot-hibernate-crud-demo/target/surefire/surefirebooter1023851259063102620.jar /Users/nehkumari/Downloads/spring-boot-hibernate-crud-demo/target/surefire 2021-11-18T16-27-46_468-jvmRun1 surefire2888612650656855330tmp surefire_01807559607529945268tmp"/>
    <property name="surefire.test.class.path" value="/Users/nehkumari/Downloads/spring-boot-hibernate-crud-demo/target/test-classes:/Users/nehkumari/Downloads/spring-boot-hibernate-crud-demo/target/classes:/Users/nehkumari/.m2/raptor2/org/springframework/boot/spring-boot-starter-web/2.1.5.RELEASE/spring-boot-starter-web-2.1.5.RELEASE.jar:/Users/nehkumari/.m2/raptor2/org/springframework/boot/spring-boot-starter/2.1.5.RELEASE/spring-boot-starter-2.1.5.RELEASE.jar:/Users/nehkumari/.m2/raptor2/org/springframework/boot/spring-boot/2.1.5.RELEASE/spring-boot-2.1.5.RELEASE.jar:/Users/nehkumari/.m2/raptor2/org/springframework/boot/spring-boot-autoconfigure/2.1.5.RELEASE/spring-boot-autoconfigure-2.1.5.RELEASE.jar:/Users/nehkumari/.m2/raptor2/org/springframework/boot/spring-boot-starter-logging/2.1.5.RELEASE/spring-boot-starter-logging-2.1.5.RELEASE.jar:/Users/nehkumari/.m2/raptor2/ch/qos/logback/logback-classic/1.2.3/logback-classic-1.2.3.jar:/Users/nehkumari/.m2/raptor2/ch/qos/logback/logback-core/1.2.3/logback-core-1.2.3.jar:/Users/nehkumari/.m2/raptor2/org/apache/logging/log4j/log4j-to-slf4j/2.11.2/log4j-to-slf4j-2.11.2.jar:/Users/nehkumari/.m2/raptor2/org/apache/logging/log4j/log4j-api/2.11.2/log4j-api-2.11.2.jar:/Users/nehkumari/.m2/raptor2/org/slf4j/jul-to-slf4j/1.7.26/jul-to-slf4j-1.7.26.jar:/Users/nehkumari/.m2/raptor2/javax/annotation/javax.annotation-api/1.3.2/javax.annotation-api-1.3.2.jar:/Users/nehkumari/.m2/raptor2/org/yaml/snakeyaml/1.23/snakeyaml-1.23.jar:/Users/nehkumari/.m2/raptor2/org/springframework/boot/spring-boot-starter-json/2.1.5.RELEASE/spring-boot-starter-json-2.1.5.RELEASE.jar:/Users/nehkumari/.m2/raptor2/com/fasterxml/jackson/datatype/jackson-datatype-jdk8/2.9.8/jackson-datatype-jdk8-2.9.8.jar:/Users/nehkumari/.m2/raptor2/com/fasterxml/jackson/datatype/jackson-datatype-jsr310/2.9.8/jackson-datatype-jsr310-2.9.8.jar:/Users/nehkumari/.m2/raptor2/com/fasterxml/jackson/module/jackson-module-parameter-names/2.9.8/jackson-module-parameter-names-2.9.8.jar:/Users/nehkumari/.m2/raptor2/org/springframework/boot/spring-boot-starter-tomcat/2.1.5.RELEASE/spring-boot-starter-tomcat-2.1.5.RELEASE.jar:/Users/nehkumari/.m2/raptor2/org/apache/tomcat/embed/tomcat-embed-core/9.0.19/tomcat-embed-core-9.0.19.jar:/Users/nehkumari/.m2/raptor2/org/apache/tomcat/embed/tomcat-embed-el/9.0.19/tomcat-embed-el-9.0.19.jar:/Users/nehkumari/.m2/raptor2/org/apache/tomcat/embed/tomcat-embed-websocket/9.0.19/tomcat-embed-websocket-9.0.19.jar:/Users/nehkumari/.m2/raptor2/org/hibernate/validator/hibernate-validator/6.0.16.Final/hibernate-validator-6.0.16.Final.jar:/Users/nehkumari/.m2/raptor2/javax/validation/validation-api/2.0.1.Final/validation-api-2.0.1.Final.jar:/Users/nehkumari/.m2/raptor2/org/jboss/logging/jboss-logging/3.3.2.Final/jboss-logging-3.3.2.Final.jar:/Users/nehkumari/.m2/raptor2/com/fasterxml/classmate/1.4.0/classmate-1.4.0.jar:/Users/nehkumari/.m2/raptor2/org/springframework/spring-web/5.1.7.RELEASE/spring-web-5.1.7.RELEASE.jar:/Users/nehkumari/.m2/raptor2/org/springframework/spring-beans/5.1.7.RELEASE/spring-beans-5.1.7.RELEASE.jar:/Users/nehkumari/.m2/raptor2/org/springframework/spring-webmvc/5.1.7.RELEASE/spring-webmvc-5.1.7.RELEASE.jar:/Users/nehkumari/.m2/raptor2/org/springframework/spring-aop/5.1.7.RELEASE/spring-aop-5.1.7.RELEASE.jar:/Users/nehkumari/.m2/raptor2/org/springframework/spring-context/5.1.7.RELEASE/spring-context-5.1.7.RELEASE.jar:/Users/nehkumari/.m2/raptor2/org/springframework/spring-expression/5.1.7.RELEASE/spring-expression-5.1.7.RELEASE.jar:/Users/nehkumari/.m2/raptor2/org/springframework/boot/spring-boot-starter-data-jpa/2.1.5.RELEASE/spring-boot-starter-data-jpa-2.1.5.RELEASE.jar:/Users/nehkumari/.m2/raptor2/org/springframework/boot/spring-boot-starter-aop/2.1.5.RELEASE/spring-boot-starter-aop-2.1.5.RELEASE.jar:/Users/nehkumari/.m2/raptor2/org/aspectj/aspectjweaver/1.9.4/aspectjweaver-1.9.4.jar:/Users/nehkumari/.m2/raptor2/org/springframework/boot/spring-boot-starter-jdbc/2.1.5.RELEASE/spring-boot-starter-jdbc-2.1.5.RELEASE.jar:/Users/nehkumari/.m2/raptor2/com/zaxxer/HikariCP/3.2.0/HikariCP-3.2.0.jar:/Users/nehkumari/.m2/raptor2/org/springframework/spring-jdbc/5.1.7.RELEASE/spring-jdbc-5.1.7.RELEASE.jar:/Users/nehkumari/.m2/raptor2/javax/transaction/javax.transaction-api/1.3/javax.transaction-api-1.3.jar:/Users/nehkumari/.m2/raptor2/javax/xml/bind/jaxb-api/2.3.1/jaxb-api-2.3.1.jar:/Users/nehkumari/.m2/raptor2/javax/activation/javax.activation-api/1.2.0/javax.activation-api-1.2.0.jar:/Users/nehkumari/.m2/raptor2/org/hibernate/hibernate-core/5.3.10.Final/hibernate-core-5.3.10.Final.jar:/Users/nehkumari/.m2/raptor2/javax/persistence/javax.persistence-api/2.2/javax.persistence-api-2.2.jar:/Users/nehkumari/.m2/raptor2/org/javassist/javassist/3.23.2-GA/javassist-3.23.2-GA.jar:/Users/nehkumari/.m2/raptor2/net/bytebuddy/byte-buddy/1.9.12/byte-buddy-1.9.12.jar:/Users/nehkumari/.m2/raptor2/antlr/antlr/2.7.7/antlr-2.7.7.jar:/Users/nehkumari/.m2/raptor2/org/jboss/jandex/2.0.5.Final/jandex-2.0.5.Final.jar:/Users/nehkumari/.m2/raptor2/org/dom4j/dom4j/2.1.1/dom4j-2.1.1.jar:/Users/nehkumari/.m2/raptor2/org/hibernate/common/hibernate-commons-annotations/5.0.4.Final/hibernate-commons-annotations-5.0.4.Final.jar:/Users/nehkumari/.m2/raptor2/org/springframework/data/spring-data-jpa/2.1.8.RELEASE/spring-data-jpa-2.1.8.RELEASE.jar:/Users/nehkumari/.m2/raptor2/org/springframework/data/spring-data-commons/2.1.8.RELEASE/spring-data-commons-2.1.8.RELEASE.jar:/Users/nehkumari/.m2/raptor2/org/springframework/spring-orm/5.1.7.RELEASE/spring-orm-5.1.7.RELEASE.jar:/Users/nehkumari/.m2/raptor2/org/springframework/spring-tx/5.1.7.RELEASE/spring-tx-5.1.7.RELEASE.jar:/Users/nehkumari/.m2/raptor2/org/slf4j/slf4j-api/1.7.26/slf4j-api-1.7.26.jar:/Users/nehkumari/.m2/raptor2/org/springframework/spring-aspects/5.1.7.RELEASE/spring-aspects-5.1.7.RELEASE.jar:/Users/nehkumari/.m2/raptor2/org/springframework/boot/spring-boot-starter-thymeleaf/2.1.5.RELEASE/spring-boot-starter-thymeleaf-2.1.5.RELEASE.jar:/Users/nehkumari/.m2/raptor2/org/thymeleaf/thymeleaf-spring5/3.0.11.RELEASE/thymeleaf-spring5-3.0.11.RELEASE.jar:/Users/nehkumari/.m2/raptor2/org/thymeleaf/thymeleaf/3.0.11.RELEASE/thymeleaf-3.0.11.RELEASE.jar:/Users/nehkumari/.m2/raptor2/org/attoparser/attoparser/2.0.5.RELEASE/attoparser-2.0.5.RELEASE.jar:/Users/nehkumari/.m2/raptor2/org/unbescape/unbescape/1.1.6.RELEASE/unbescape-1.1.6.RELEASE.jar:/Users/nehkumari/.m2/raptor2/org/thymeleaf/extras/thymeleaf-extras-java8time/3.0.4.RELEASE/thymeleaf-extras-java8time-3.0.4.RELEASE.jar:/Users/nehkumari/.m2/raptor2/com/h2database/h2/1.4.199/h2-1.4.199.jar:/Users/nehkumari/.m2/raptor2/org/springframework/boot/spring-boot-starter-test/2.1.5.RELEASE/spring-boot-starter-test-2.1.5.RELEASE.jar:/Users/nehkumari/.m2/raptor2/org/springframework/boot/spring-boot-test/2.1.5.RELEASE/spring-boot-test-2.1.5.RELEASE.jar:/Users/nehkumari/.m2/raptor2/org/springframework/boot/spring-boot-test-autoconfigure/2.1.5.RELEASE/spring-boot-test-autoconfigure-2.1.5.RELEASE.jar:/Users/nehkumari/.m2/raptor2/com/jayway/jsonpath/json-path/2.4.0/json-path-2.4.0.jar:/Users/nehkumari/.m2/raptor2/net/minidev/json-smart/2.3/json-smart-2.3.jar:/Users/nehkumari/.m2/raptor2/net/minidev/accessors-smart/1.2/accessors-smart-1.2.jar:/Users/nehkumari/.m2/raptor2/org/ow2/asm/asm/5.0.4/asm-5.0.4.jar:/Users/nehkumari/.m2/raptor2/junit/junit/4.12/junit-4.12.jar:/Users/nehkumari/.m2/raptor2/org/assertj/assertj-core/3.11.1/assertj-core-3.11.1.jar:/Users/nehkumari/.m2/raptor2/org/mockito/mockito-core/2.23.4/mockito-core-2.23.4.jar:/Users/nehkumari/.m2/raptor2/net/bytebuddy/byte-buddy-agent/1.9.12/byte-buddy-agent-1.9.12.jar:/Users/nehkumari/.m2/raptor2/org/objenesis/objenesis/2.6/objenesis-2.6.jar:/Users/nehkumari/.m2/raptor2/org/hamcrest/hamcrest-core/1.3/hamcrest-core-1.3.jar:/Users/nehkumari/.m2/raptor2/org/hamcrest/hamcrest-library/1.3/hamcrest-library-1.3.jar:/Users/nehkumari/.m2/raptor2/org/skyscreamer/jsonassert/1.5.0/jsonassert-1.5.0.jar:/Users/nehkumari/.m2/raptor2/com/vaadin/external/google/android-json/0.0.20131108.vaadin1/android-json-0.0.20131108.vaadin1.jar:/Users/nehkumari/.m2/raptor2/org/springframework/spring-core/5.1.7.RELEASE/spring-core-5.1.7.RELEASE.jar:/Users/nehkumari/.m2/raptor2/org/springframework/spring-jcl/5.1.7.RELEASE/spring-jcl-5.1.7.RELEASE.jar:/Users/nehkumari/.m2/raptor2/org/springframework/spring-test/5.1.7.RELEASE/spring-test-5.1.7.RELEASE.jar:/Users/nehkumari/.m2/raptor2/org/xmlunit/xmlunit-core/2.6.2/xmlunit-core-2.6.2.jar:/Users/nehkumari/.m2/raptor2/com/fasterxml/jackson/core/jackson-databind/2.9.8/jackson-databind-2.9.8.jar:/Users/nehkumari/.m2/raptor2/com/fasterxml/jackson/core/jackson-annotations/2.9.0/jackson-annotations-2.9.0.jar:/Users/nehkumari/.m2/raptor2/com/fasterxml/jackson/core/jackson-core/2.9.8/jackson-core-2.9.8.jar:/Users/nehkumari/.m2/raptor2/org/projectlombok/lombok/1.18.22/lombok-1.18.22.jar:"/>
    <property name="sun.cpu.endian" value="little"/>
    <property name="user.home" value="/Users/nehkumari"/>
    <property name="user.language" value="en"/>
    <property name="java.specification.vendor" value="Oracle Corporation"/>
    <property name="java.home" value="/Library/Java/JavaVirtualMachines/zulu-8.jdk/Contents/Home/jre"/>
    <property name="basedir" value="/Users/nehkumari/Downloads/spring-boot-hibernate-crud-demo"/>
    <property name="file.separator" value="/"/>
    <property name="line.separator" value="&#10;"/>
    <property name="java.vm.specification.vendor" value="Oracle Corporation"/>
    <property name="java.specification.name" value="Java Platform API Specification"/>
    <property name="java.awt.graphicsenv" value="sun.awt.CGraphicsEnvironment"/>
    <property name="surefire.real.class.path" value="/Users/nehkumari/Downloads/spring-boot-hibernate-crud-demo/target/surefire/surefirebooter1023851259063102620.jar"/>
    <property name="sun.boot.class.path" value="/Library/Java/JavaVirtualMachines/zulu-8.jdk/Contents/Home/jre/lib/resources.jar:/Library/Java/JavaVirtualMachines/zulu-8.jdk/Contents/Home/jre/lib/rt.jar:/Library/Java/JavaVirtualMachines/zulu-8.jdk/Contents/Home/jre/lib/sunrsasign.jar:/Library/Java/JavaVirtualMachines/zulu-8.jdk/Contents/Home/jre/lib/jsse.jar:/Library/Java/JavaVirtualMachines/zulu-8.jdk/Contents/Home/jre/lib/jce.jar:/Library/Java/JavaVirtualMachines/zulu-8.jdk/Contents/Home/jre/lib/charsets.jar:/Library/Java/JavaVirtualMachines/zulu-8.jdk/Contents/Home/jre/lib/jfr.jar:/Library/Java/JavaVirtualMachines/zulu-8.jdk/Contents/Home/jre/classes"/>
    <property name="sun.management.compiler" value="HotSpot 64-Bit Tiered Compilers"/>
    <property name="java.runtime.version" value="1.8.0_232-b18"/>
    <property name="user.name" value="nehkumari"/>
    <property name="path.separator" value=":"/>
    <property name="os.version" value="10.15.7"/>
    <property name="java.endorsed.dirs" value="/Library/Java/JavaVirtualMachines/zulu-8.jdk/Contents/Home/jre/lib/endorsed"/>
    <property name="java.runtime.name" value="OpenJDK Runtime Environment"/>
    <property name="file.encoding" value="UTF-8"/>
    <property name="java.vm.name" value="OpenJDK 64-Bit Server VM"/>
    <property name="localRepository" value="/Users/nehkumari/.m2/raptor2"/>
    <property name="java.vendor.url.bug" value="http://www.azulsystems.com/support/"/>
    <property name="java.io.tmpdir" value="/var/folders/wm/j8cwwqh95_jg7vthlr1hm_480000gp/T/"/>
    <property name="idea.version" value="2020.3.2"/>
    <property name="java.version" value="1.8.0_232"/>
    <property name="user.dir" value="/Users/nehkumari/Downloads/spring-boot-hibernate-crud-demo"/>
    <property name="os.arch" value="x86_64"/>
    <property name="java.vm.specification.name" value="Java Virtual Machine Specification"/>
    <property name="java.awt.printerjob" value="sun.lwawt.macosx.CPrinterJob"/>
    <property name="sun.os.patch.level" value="unknown"/>
    <property name="java.library.path" value="/Users/nehkumari/Library/Java/Extensions:/Library/Java/Extensions:/Network/Library/Java/Extensions:/System/Library/Java/Extensions:/usr/lib/java:."/>
    <property name="java.vm.info" value="mixed mode"/>
    <property name="java.vendor" value="Azul Systems, Inc."/>
    <property name="java.vm.version" value="25.232-b18"/>
    <property name="java.ext.dirs" value="/Users/nehkumari/Library/Java/Extensions:/Library/Java/JavaVirtualMachines/zulu-8.jdk/Contents/Home/jre/lib/ext:/Library/Java/Extensions:/Network/Library/Java/Extensions:/System/Library/Java/Extensions:/usr/lib/java"/>
    <property name="sun.io.unicode.encoding" value="UnicodeBig"/>
    <property name="java.class.version" value="52.0"/>
  </properties>
  <testcase name="initializationError" classname="ApplicationTests" time="0.004">
    <error message="Unable to find a @SpringBootConfiguration, you need to use @ContextConfiguration or @SpringBootTest(classes=...) with your test" type="java.lang.IllegalStateException">java.lang.IllegalStateException: Unable to find a @SpringBootConfiguration, you need to use @ContextConfiguration or @SpringBootTest(classes=...) with your test
</error>
    <system-out><![CDATA[16:27:47.175 [main] DEBUG org.springframework.test.context.junit4.SpringJUnit4ClassRunner - SpringJUnit4ClassRunner constructor called with [class ApplicationTests]
16:27:47.179 [main] DEBUG org.springframework.test.context.BootstrapUtils - Instantiating CacheAwareContextLoaderDelegate from class [org.springframework.test.context.cache.DefaultCacheAwareContextLoaderDelegate]
16:27:47.185 [main] DEBUG org.springframework.test.context.BootstrapUtils - Instantiating BootstrapContext using constructor [public org.springframework.test.context.support.DefaultBootstrapContext(java.lang.Class,org.springframework.test.context.CacheAwareContextLoaderDelegate)]
16:27:47.198 [main] DEBUG org.springframework.test.context.BootstrapUtils - Instantiating TestContextBootstrapper for test class [ApplicationTests] from class [org.springframework.boot.test.context.SpringBootTestContextBootstrapper]
16:27:47.206 [main] INFO org.springframework.boot.test.context.SpringBootTestContextBootstrapper - Neither @ContextConfiguration nor @ContextHierarchy found for test class [ApplicationTests], using SpringBootContextLoader
16:27:47.209 [main] DEBUG org.springframework.test.context.support.AbstractContextLoader - Did not detect default resource location for test class [ApplicationTests]: class path resource [ApplicationTests-context.xml] does not exist
16:27:47.209 [main] DEBUG org.springframework.test.context.support.AbstractContextLoader - Did not detect default resource location for test class [ApplicationTests]: class path resource [ApplicationTestsContext.groovy] does not exist
16:27:47.209 [main] INFO org.springframework.test.context.support.AbstractContextLoader - Could not detect default resource locations for test class [ApplicationTests]: no resource found for suffixes {-context.xml, Context.groovy}.
16:27:47.210 [main] INFO org.springframework.test.context.support.AnnotationConfigContextLoaderUtils - Could not detect default configuration classes for test class [ApplicationTests]: ApplicationTests does not declare any static, non-private, non-final, nested classes annotated with @Configuration.
16:27:47.240 [main] DEBUG org.springframework.test.context.support.ActiveProfilesUtils - Could not find an 'annotation declaring class' for annotation type [org.springframework.test.context.ActiveProfiles] and class [ApplicationTests]
]]></system-out>
  </testcase>
</testsuite>