<?xml version="1.0" encoding="UTF-8"?>
<testsuite xmlns:xsi="http://www.w3.org/2001/XMLSchema-instance" xsi:noNamespaceSchemaLocation="https://maven.apache.org/surefire/maven-surefire-plugin/xsd/surefire-test-report.xsd" name="com.neha.BookControllerTest" time="4.411" tests="1" errors="1" skipped="0" failures="0">
  <properties>
    <property name="gopherProxySet" value="false"/>
    <property name="awt.toolkit" value="sun.lwawt.macosx.LWCToolkit"/>
    <property name="file.encoding.pkg" value="sun.io"/>
    <property name="java.specification.version" value="1.8"/>
    <property name="sun.cpu.isalist" value=""/>
    <property name="sun.jnu.encoding" value="UTF-8"/>
    <property name="java.class.path" value="/Users/nehkumari/Downloads/spring-boot-hibernate-crud-demo/target/test-classes:/Users/nehkumari/Downloads/spring-boot-hibernate-crud-demo/target/classes:/Users/nehkumari/.m2/raptor2/org/springframework/boot/spring-boot-starter-web/2.1.5.RELEASE/spring-boot-starter-web-2.1.5.RELEASE.jar:/Users/nehkumari/.m2/raptor2/org/springframework/boot/spring-boot-starter/2.1.5.RELEASE/spring-boot-starter-2.1.5.RELEASE.jar:/Users/nehkumari/.m2/raptor2/org/springframework/boot/spring-boot/2.1.5.RELEASE/spring-boot-2.1.5.RELEASE.jar:/Users/nehkumari/.m2/raptor2/org/springframework/boot/spring-boot-autoconfigure/2.1.5.RELEASE/spring-boot-autoconfigure-2.1.5.RELEASE.jar:/Users/nehkumari/.m2/raptor2/org/springframework/boot/spring-boot-starter-logging/2.1.5.RELEASE/spring-boot-starter-logging-2.1.5.RELEASE.jar:/Users/nehkumari/.m2/raptor2/ch/qos/logback/logback-classic/1.2.3/logback-classic-1.2.3.jar:/Users/nehkumari/.m2/raptor2/ch/qos/logback/logback-core/1.2.3/logback-core-1.2.3.jar:/Users/nehkumari/.m2/raptor2/org/apache/logging/log4j/log4j-to-slf4j/2.11.2/log4j-to-slf4j-2.11.2.jar:/Users/nehkumari/.m2/raptor2/org/apache/logging/log4j/log4j-api/2.11.2/log4j-api-2.11.2.jar:/Users/nehkumari/.m2/raptor2/org/slf4j/jul-to-slf4j/1.7.26/jul-to-slf4j-1.7.26.jar:/Users/nehkumari/.m2/raptor2/javax/annotation/javax.annotation-api/1.3.2/javax.annotation-api-1.3.2.jar:/Users/nehkumari/.m2/raptor2/org/yaml/snakeyaml/1.23/snakeyaml-1.23.jar:/Users/nehkumari/.m2/raptor2/org/springframework/boot/spring-boot-starter-json/2.1.5.RELEASE/spring-boot-starter-json-2.1.5.RELEASE.jar:/Users/nehkumari/.m2/raptor2/com/fasterxml/jackson/datatype/jackson-datatype-jdk8/2.9.8/jackson-datatype-jdk8-2.9.8.jar:/Users/nehkumari/.m2/raptor2/com/fasterxml/jackson/datatype/jackson-datatype-jsr310/2.9.8/jackson-datatype-jsr310-2.9.8.jar:/Users/nehkumari/.m2/raptor2/com/fasterxml/jackson/module/jackson-module-parameter-names/2.9.8/jackson-module-parameter-names-2.9.8.jar:/Users/nehkumari/.m2/raptor2/org/springframework/boot/spring-boot-starter-tomcat/2.1.5.RELEASE/spring-boot-starter-tomcat-2.1.5.RELEASE.jar:/Users/nehkumari/.m2/raptor2/org/apache/tomcat/embed/tomcat-embed-core/9.0.19/tomcat-embed-core-9.0.19.jar:/Users/nehkumari/.m2/raptor2/org/apache/tomcat/embed/tomcat-embed-el/9.0.19/tomcat-embed-el-9.0.19.jar:/Users/nehkumari/.m2/raptor2/org/apache/tomcat/embed/tomcat-embed-websocket/9.0.19/tomcat-embed-websocket-9.0.19.jar:/Users/nehkumari/.m2/raptor2/org/hibernate/validator/hibernate-validator/6.0.16.Final/hibernate-validator-6.0.16.Final.jar:/Users/nehkumari/.m2/raptor2/javax/validation/validation-api/2.0.1.Final/validation-api-2.0.1.Final.jar:/Users/nehkumari/.m2/raptor2/org/jboss/logging/jboss-logging/3.3.2.Final/jboss-logging-3.3.2.Final.jar:/Users/nehkumari/.m2/raptor2/com/fasterxml/classmate/1.4.0/classmate-1.4.0.jar:/Users/nehkumari/.m2/raptor2/org/springframework/spring-web/5.1.7.RELEASE/spring-web-5.1.7.RELEASE.jar:/Users/nehkumari/.m2/raptor2/org/springframework/spring-beans/5.1.7.RELEASE/spring-beans-5.1.7.RELEASE.jar:/Users/nehkumari/.m2/raptor2/org/springframework/spring-webmvc/5.1.7.RELEASE/spring-webmvc-5.1.7.RELEASE.jar:/Users/nehkumari/.m2/raptor2/org/springframework/spring-aop/5.1.7.RELEASE/spring-aop-5.1.7.RELEASE.jar:/Users/nehkumari/.m2/raptor2/org/springframework/spring-context/5.1.7.RELEASE/spring-context-5.1.7.RELEASE.jar:/Users/nehkumari/.m2/raptor2/org/springframework/spring-expression/5.1.7.RELEASE/spring-expression-5.1.7.RELEASE.jar:/Users/nehkumari/.m2/raptor2/org/springframework/boot/spring-boot-starter-data-jpa/2.1.5.RELEASE/spring-boot-starter-data-jpa-2.1.5.RELEASE.jar:/Users/nehkumari/.m2/raptor2/org/springframework/boot/spring-boot-starter-aop/2.1.5.RELEASE/spring-boot-starter-aop-2.1.5.RELEASE.jar:/Users/nehkumari/.m2/raptor2/org/aspectj/aspectjweaver/1.9.4/aspectjweaver-1.9.4.jar:/Users/nehkumari/.m2/raptor2/org/springframework/boot/spring-boot-starter-jdbc/2.1.5.RELEASE/spring-boot-starter-jdbc-2.1.5.RELEASE.jar:/Users/nehkumari/.m2/raptor2/com/zaxxer/HikariCP/3.2.0/HikariCP-3.2.0.jar:/Users/nehkumari/.m2/raptor2/org/springframework/spring-jdbc/5.1.7.RELEASE/spring-jdbc-5.1.7.RELEASE.jar:/Users/nehkumari/.m2/raptor2/javax/transaction/javax.transaction-api/1.3/javax.transaction-api-1.3.jar:/Users/nehkumari/.m2/raptor2/javax/xml/bind/jaxb-api/2.3.1/jaxb-api-2.3.1.jar:/Users/nehkumari/.m2/raptor2/javax/activation/javax.activation-api/1.2.0/javax.activation-api-1.2.0.jar:/Users/nehkumari/.m2/raptor2/org/hibernate/hibernate-core/5.3.10.Final/hibernate-core-5.3.10.Final.jar:/Users/nehkumari/.m2/raptor2/javax/persistence/javax.persistence-api/2.2/javax.persistence-api-2.2.jar:/Users/nehkumari/.m2/raptor2/org/javassist/javassist/3.23.2-GA/javassist-3.23.2-GA.jar:/Users/nehkumari/.m2/raptor2/net/bytebuddy/byte-buddy/1.9.12/byte-buddy-1.9.12.jar:/Users/nehkumari/.m2/raptor2/antlr/antlr/2.7.7/antlr-2.7.7.jar:/Users/nehkumari/.m2/raptor2/org/jboss/jandex/2.0.5.Final/jandex-2.0.5.Final.jar:/Users/nehkumari/.m2/raptor2/org/dom4j/dom4j/2.1.1/dom4j-2.1.1.jar:/Users/nehkumari/.m2/raptor2/org/hibernate/common/hibernate-commons-annotations/5.0.4.Final/hibernate-commons-annotations-5.0.4.Final.jar:/Users/nehkumari/.m2/raptor2/org/springframework/data/spring-data-jpa/2.1.8.RELEASE/spring-data-jpa-2.1.8.RELEASE.jar:/Users/nehkumari/.m2/raptor2/org/springframework/data/spring-data-commons/2.1.8.RELEASE/spring-data-commons-2.1.8.RELEASE.jar:/Users/nehkumari/.m2/raptor2/org/springframework/spring-orm/5.1.7.RELEASE/spring-orm-5.1.7.RELEASE.jar:/Users/nehkumari/.m2/raptor2/org/springframework/spring-tx/5.1.7.RELEASE/spring-tx-5.1.7.RELEASE.jar:/Users/nehkumari/.m2/raptor2/org/slf4j/slf4j-api/1.7.26/slf4j-api-1.7.26.jar:/Users/nehkumari/.m2/raptor2/org/springframework/spring-aspects/5.1.7.RELEASE/spring-aspects-5.1.7.RELEASE.jar:/Users/nehkumari/.m2/raptor2/org/springframework/boot/spring-boot-starter-thymeleaf/2.1.5.RELEASE/spring-boot-starter-thymeleaf-2.1.5.RELEASE.jar:/Users/nehkumari/.m2/raptor2/org/thymeleaf/thymeleaf-spring5/3.0.11.RELEASE/thymeleaf-spring5-3.0.11.RELEASE.jar:/Users/nehkumari/.m2/raptor2/org/thymeleaf/thymeleaf/3.0.11.RELEASE/thymeleaf-3.0.11.RELEASE.jar:/Users/nehkumari/.m2/raptor2/org/attoparser/attoparser/2.0.5.RELEASE/attoparser-2.0.5.RELEASE.jar:/Users/nehkumari/.m2/raptor2/org/unbescape/unbescape/1.1.6.RELEASE/unbescape-1.1.6.RELEASE.jar:/Users/nehkumari/.m2/raptor2/org/thymeleaf/extras/thymeleaf-extras-java8time/3.0.4.RELEASE/thymeleaf-extras-java8time-3.0.4.RELEASE.jar:/Users/nehkumari/.m2/raptor2/com/h2database/h2/1.4.199/h2-1.4.199.jar:/Users/nehkumari/.m2/raptor2/org/springframework/boot/spring-boot-starter-test/2.1.5.RELEASE/spring-boot-starter-test-2.1.5.RELEASE.jar:/Users/nehkumari/.m2/raptor2/org/springframework/boot/spring-boot-test/2.1.5.RELEASE/spring-boot-test-2.1.5.RELEASE.jar:/Users/nehkumari/.m2/raptor2/org/springframework/boot/spring-boot-test-autoconfigure/2.1.5.RELEASE/spring-boot-test-autoconfigure-2.1.5.RELEASE.jar:/Users/nehkumari/.m2/raptor2/com/jayway/jsonpath/json-path/2.4.0/json-path-2.4.0.jar:/Users/nehkumari/.m2/raptor2/net/minidev/json-smart/2.3/json-smart-2.3.jar:/Users/nehkumari/.m2/raptor2/net/minidev/accessors-smart/1.2/accessors-smart-1.2.jar:/Users/nehkumari/.m2/raptor2/org/ow2/asm/asm/5.0.4/asm-5.0.4.jar:/Users/nehkumari/.m2/raptor2/junit/junit/4.12/junit-4.12.jar:/Users/nehkumari/.m2/raptor2/org/assertj/assertj-core/3.11.1/assertj-core-3.11.1.jar:/Users/nehkumari/.m2/raptor2/org/mockito/mockito-core/2.23.4/mockito-core-2.23.4.jar:/Users/nehkumari/.m2/raptor2/net/bytebuddy/byte-buddy-agent/1.9.12/byte-buddy-agent-1.9.12.jar:/Users/nehkumari/.m2/raptor2/org/objenesis/objenesis/2.6/objenesis-2.6.jar:/Users/nehkumari/.m2/raptor2/org/hamcrest/hamcrest-core/1.3/hamcrest-core-1.3.jar:/Users/nehkumari/.m2/raptor2/org/hamcrest/hamcrest-library/1.3/hamcrest-library-1.3.jar:/Users/nehkumari/.m2/raptor2/org/skyscreamer/jsonassert/1.5.0/jsonassert-1.5.0.jar:/Users/nehkumari/.m2/raptor2/com/vaadin/external/google/android-json/0.0.20131108.vaadin1/android-json-0.0.20131108.vaadin1.jar:/Users/nehkumari/.m2/raptor2/org/springframework/spring-core/5.1.7.RELEASE/spring-core-5.1.7.RELEASE.jar:/Users/nehkumari/.m2/raptor2/org/springframework/spring-jcl/5.1.7.RELEASE/spring-jcl-5.1.7.RELEASE.jar:/Users/nehkumari/.m2/raptor2/org/springframework/spring-test/5.1.7.RELEASE/spring-test-5.1.7.RELEASE.jar:/Users/nehkumari/.m2/raptor2/org/xmlunit/xmlunit-core/2.6.2/xmlunit-core-2.6.2.jar:/Users/nehkumari/.m2/raptor2/com/fasterxml/jackson/core/jackson-databind/2.9.8/jackson-databind-2.9.8.jar:/Users/nehkumari/.m2/raptor2/com/fasterxml/jackson/core/jackson-annotations/2.9.0/jackson-annotations-2.9.0.jar:/Users/nehkumari/.m2/raptor2/com/fasterxml/jackson/core/jackson-core/2.9.8/jackson-core-2.9.8.jar:/Users/nehkumari/.m2/raptor2/org/projectlombok/lombok/1.18.22/lombok-1.18.22.jar:"/>
    <property name="java.vm.vendor" value="Azul Systems, Inc."/>
    <property name="sun.arch.data.model" value="64"/>
    <property name="java.vendor.url" value="http://www.azulsystems.com/"/>
    <property name="user.timezone" value=""/>
    <property name="user.country.format" value="IN"/>
    <property name="java.vm.specification.version" value="1.8"/>
    <property name="os.name" value="Mac OS X"/>
    <property name="user.country" value="GB"/>
    <property name="sun.java.launcher" value="SUN_STANDARD"/>
    <property name="sun.boot.library.path" value="/Library/Java/JavaVirtualMachines/zulu-8.jdk/Contents/Home/jre/lib"/>
    <property name="sun.java.command" value="/Users/nehkumari/Downloads/spring-boot-hibernate-crud-demo/target/surefire/surefirebooter1023851259063102620.jar /Users/nehkumari/Downloads/spring-boot-hibernate-crud-demo/target/surefire 2021-11-18T16-27-46_468-jvmRun1 surefire2888612650656855330tmp surefire_01807559607529945268tmp"/>
    <property name="surefire.test.class.path" value="/Users/nehkumari/Downloads/spring-boot-hibernate-crud-demo/target/test-classes:/Users/nehkumari/Downloads/spring-boot-hibernate-crud-demo/target/classes:/Users/nehkumari/.m2/raptor2/org/springframework/boot/spring-boot-starter-web/2.1.5.RELEASE/spring-boot-starter-web-2.1.5.RELEASE.jar:/Users/nehkumari/.m2/raptor2/org/springframework/boot/spring-boot-starter/2.1.5.RELEASE/spring-boot-starter-2.1.5.RELEASE.jar:/Users/nehkumari/.m2/raptor2/org/springframework/boot/spring-boot/2.1.5.RELEASE/spring-boot-2.1.5.RELEASE.jar:/Users/nehkumari/.m2/raptor2/org/springframework/boot/spring-boot-autoconfigure/2.1.5.RELEASE/spring-boot-autoconfigure-2.1.5.RELEASE.jar:/Users/nehkumari/.m2/raptor2/org/springframework/boot/spring-boot-starter-logging/2.1.5.RELEASE/spring-boot-starter-logging-2.1.5.RELEASE.jar:/Users/nehkumari/.m2/raptor2/ch/qos/logback/logback-classic/1.2.3/logback-classic-1.2.3.jar:/Users/nehkumari/.m2/raptor2/ch/qos/logback/logback-core/1.2.3/logback-core-1.2.3.jar:/Users/nehkumari/.m2/raptor2/org/apache/logging/log4j/log4j-to-slf4j/2.11.2/log4j-to-slf4j-2.11.2.jar:/Users/nehkumari/.m2/raptor2/org/apache/logging/log4j/log4j-api/2.11.2/log4j-api-2.11.2.jar:/Users/nehkumari/.m2/raptor2/org/slf4j/jul-to-slf4j/1.7.26/jul-to-slf4j-1.7.26.jar:/Users/nehkumari/.m2/raptor2/javax/annotation/javax.annotation-api/1.3.2/javax.annotation-api-1.3.2.jar:/Users/nehkumari/.m2/raptor2/org/yaml/snakeyaml/1.23/snakeyaml-1.23.jar:/Users/nehkumari/.m2/raptor2/org/springframework/boot/spring-boot-starter-json/2.1.5.RELEASE/spring-boot-starter-json-2.1.5.RELEASE.jar:/Users/nehkumari/.m2/raptor2/com/fasterxml/jackson/datatype/jackson-datatype-jdk8/2.9.8/jackson-datatype-jdk8-2.9.8.jar:/Users/nehkumari/.m2/raptor2/com/fasterxml/jackson/datatype/jackson-datatype-jsr310/2.9.8/jackson-datatype-jsr310-2.9.8.jar:/Users/nehkumari/.m2/raptor2/com/fasterxml/jackson/module/jackson-module-parameter-names/2.9.8/jackson-module-parameter-names-2.9.8.jar:/Users/nehkumari/.m2/raptor2/org/springframework/boot/spring-boot-starter-tomcat/2.1.5.RELEASE/spring-boot-starter-tomcat-2.1.5.RELEASE.jar:/Users/nehkumari/.m2/raptor2/org/apache/tomcat/embed/tomcat-embed-core/9.0.19/tomcat-embed-core-9.0.19.jar:/Users/nehkumari/.m2/raptor2/org/apache/tomcat/embed/tomcat-embed-el/9.0.19/tomcat-embed-el-9.0.19.jar:/Users/nehkumari/.m2/raptor2/org/apache/tomcat/embed/tomcat-embed-websocket/9.0.19/tomcat-embed-websocket-9.0.19.jar:/Users/nehkumari/.m2/raptor2/org/hibernate/validator/hibernate-validator/6.0.16.Final/hibernate-validator-6.0.16.Final.jar:/Users/nehkumari/.m2/raptor2/javax/validation/validation-api/2.0.1.Final/validation-api-2.0.1.Final.jar:/Users/nehkumari/.m2/raptor2/org/jboss/logging/jboss-logging/3.3.2.Final/jboss-logging-3.3.2.Final.jar:/Users/nehkumari/.m2/raptor2/com/fasterxml/classmate/1.4.0/classmate-1.4.0.jar:/Users/nehkumari/.m2/raptor2/org/springframework/spring-web/5.1.7.RELEASE/spring-web-5.1.7.RELEASE.jar:/Users/nehkumari/.m2/raptor2/org/springframework/spring-beans/5.1.7.RELEASE/spring-beans-5.1.7.RELEASE.jar:/Users/nehkumari/.m2/raptor2/org/springframework/spring-webmvc/5.1.7.RELEASE/spring-webmvc-5.1.7.RELEASE.jar:/Users/nehkumari/.m2/raptor2/org/springframework/spring-aop/5.1.7.RELEASE/spring-aop-5.1.7.RELEASE.jar:/Users/nehkumari/.m2/raptor2/org/springframework/spring-context/5.1.7.RELEASE/spring-context-5.1.7.RELEASE.jar:/Users/nehkumari/.m2/raptor2/org/springframework/spring-expression/5.1.7.RELEASE/spring-expression-5.1.7.RELEASE.jar:/Users/nehkumari/.m2/raptor2/org/springframework/boot/spring-boot-starter-data-jpa/2.1.5.RELEASE/spring-boot-starter-data-jpa-2.1.5.RELEASE.jar:/Users/nehkumari/.m2/raptor2/org/springframework/boot/spring-boot-starter-aop/2.1.5.RELEASE/spring-boot-starter-aop-2.1.5.RELEASE.jar:/Users/nehkumari/.m2/raptor2/org/aspectj/aspectjweaver/1.9.4/aspectjweaver-1.9.4.jar:/Users/nehkumari/.m2/raptor2/org/springframework/boot/spring-boot-starter-jdbc/2.1.5.RELEASE/spring-boot-starter-jdbc-2.1.5.RELEASE.jar:/Users/nehkumari/.m2/raptor2/com/zaxxer/HikariCP/3.2.0/HikariCP-3.2.0.jar:/Users/nehkumari/.m2/raptor2/org/springframework/spring-jdbc/5.1.7.RELEASE/spring-jdbc-5.1.7.RELEASE.jar:/Users/nehkumari/.m2/raptor2/javax/transaction/javax.transaction-api/1.3/javax.transaction-api-1.3.jar:/Users/nehkumari/.m2/raptor2/javax/xml/bind/jaxb-api/2.3.1/jaxb-api-2.3.1.jar:/Users/nehkumari/.m2/raptor2/javax/activation/javax.activation-api/1.2.0/javax.activation-api-1.2.0.jar:/Users/nehkumari/.m2/raptor2/org/hibernate/hibernate-core/5.3.10.Final/hibernate-core-5.3.10.Final.jar:/Users/nehkumari/.m2/raptor2/javax/persistence/javax.persistence-api/2.2/javax.persistence-api-2.2.jar:/Users/nehkumari/.m2/raptor2/org/javassist/javassist/3.23.2-GA/javassist-3.23.2-GA.jar:/Users/nehkumari/.m2/raptor2/net/bytebuddy/byte-buddy/1.9.12/byte-buddy-1.9.12.jar:/Users/nehkumari/.m2/raptor2/antlr/antlr/2.7.7/antlr-2.7.7.jar:/Users/nehkumari/.m2/raptor2/org/jboss/jandex/2.0.5.Final/jandex-2.0.5.Final.jar:/Users/nehkumari/.m2/raptor2/org/dom4j/dom4j/2.1.1/dom4j-2.1.1.jar:/Users/nehkumari/.m2/raptor2/org/hibernate/common/hibernate-commons-annotations/5.0.4.Final/hibernate-commons-annotations-5.0.4.Final.jar:/Users/nehkumari/.m2/raptor2/org/springframework/data/spring-data-jpa/2.1.8.RELEASE/spring-data-jpa-2.1.8.RELEASE.jar:/Users/nehkumari/.m2/raptor2/org/springframework/data/spring-data-commons/2.1.8.RELEASE/spring-data-commons-2.1.8.RELEASE.jar:/Users/nehkumari/.m2/raptor2/org/springframework/spring-orm/5.1.7.RELEASE/spring-orm-5.1.7.RELEASE.jar:/Users/nehkumari/.m2/raptor2/org/springframework/spring-tx/5.1.7.RELEASE/spring-tx-5.1.7.RELEASE.jar:/Users/nehkumari/.m2/raptor2/org/slf4j/slf4j-api/1.7.26/slf4j-api-1.7.26.jar:/Users/nehkumari/.m2/raptor2/org/springframework/spring-aspects/5.1.7.RELEASE/spring-aspects-5.1.7.RELEASE.jar:/Users/nehkumari/.m2/raptor2/org/springframework/boot/spring-boot-starter-thymeleaf/2.1.5.RELEASE/spring-boot-starter-thymeleaf-2.1.5.RELEASE.jar:/Users/nehkumari/.m2/raptor2/org/thymeleaf/thymeleaf-spring5/3.0.11.RELEASE/thymeleaf-spring5-3.0.11.RELEASE.jar:/Users/nehkumari/.m2/raptor2/org/thymeleaf/thymeleaf/3.0.11.RELEASE/thymeleaf-3.0.11.RELEASE.jar:/Users/nehkumari/.m2/raptor2/org/attoparser/attoparser/2.0.5.RELEASE/attoparser-2.0.5.RELEASE.jar:/Users/nehkumari/.m2/raptor2/org/unbescape/unbescape/1.1.6.RELEASE/unbescape-1.1.6.RELEASE.jar:/Users/nehkumari/.m2/raptor2/org/thymeleaf/extras/thymeleaf-extras-java8time/3.0.4.RELEASE/thymeleaf-extras-java8time-3.0.4.RELEASE.jar:/Users/nehkumari/.m2/raptor2/com/h2database/h2/1.4.199/h2-1.4.199.jar:/Users/nehkumari/.m2/raptor2/org/springframework/boot/spring-boot-starter-test/2.1.5.RELEASE/spring-boot-starter-test-2.1.5.RELEASE.jar:/Users/nehkumari/.m2/raptor2/org/springframework/boot/spring-boot-test/2.1.5.RELEASE/spring-boot-test-2.1.5.RELEASE.jar:/Users/nehkumari/.m2/raptor2/org/springframework/boot/spring-boot-test-autoconfigure/2.1.5.RELEASE/spring-boot-test-autoconfigure-2.1.5.RELEASE.jar:/Users/nehkumari/.m2/raptor2/com/jayway/jsonpath/json-path/2.4.0/json-path-2.4.0.jar:/Users/nehkumari/.m2/raptor2/net/minidev/json-smart/2.3/json-smart-2.3.jar:/Users/nehkumari/.m2/raptor2/net/minidev/accessors-smart/1.2/accessors-smart-1.2.jar:/Users/nehkumari/.m2/raptor2/org/ow2/asm/asm/5.0.4/asm-5.0.4.jar:/Users/nehkumari/.m2/raptor2/junit/junit/4.12/junit-4.12.jar:/Users/nehkumari/.m2/raptor2/org/assertj/assertj-core/3.11.1/assertj-core-3.11.1.jar:/Users/nehkumari/.m2/raptor2/org/mockito/mockito-core/2.23.4/mockito-core-2.23.4.jar:/Users/nehkumari/.m2/raptor2/net/bytebuddy/byte-buddy-agent/1.9.12/byte-buddy-agent-1.9.12.jar:/Users/nehkumari/.m2/raptor2/org/objenesis/objenesis/2.6/objenesis-2.6.jar:/Users/nehkumari/.m2/raptor2/org/hamcrest/hamcrest-core/1.3/hamcrest-core-1.3.jar:/Users/nehkumari/.m2/raptor2/org/hamcrest/hamcrest-library/1.3/hamcrest-library-1.3.jar:/Users/nehkumari/.m2/raptor2/org/skyscreamer/jsonassert/1.5.0/jsonassert-1.5.0.jar:/Users/nehkumari/.m2/raptor2/com/vaadin/external/google/android-json/0.0.20131108.vaadin1/android-json-0.0.20131108.vaadin1.jar:/Users/nehkumari/.m2/raptor2/org/springframework/spring-core/5.1.7.RELEASE/spring-core-5.1.7.RELEASE.jar:/Users/nehkumari/.m2/raptor2/org/springframework/spring-jcl/5.1.7.RELEASE/spring-jcl-5.1.7.RELEASE.jar:/Users/nehkumari/.m2/raptor2/org/springframework/spring-test/5.1.7.RELEASE/spring-test-5.1.7.RELEASE.jar:/Users/nehkumari/.m2/raptor2/org/xmlunit/xmlunit-core/2.6.2/xmlunit-core-2.6.2.jar:/Users/nehkumari/.m2/raptor2/com/fasterxml/jackson/core/jackson-databind/2.9.8/jackson-databind-2.9.8.jar:/Users/nehkumari/.m2/raptor2/com/fasterxml/jackson/core/jackson-annotations/2.9.0/jackson-annotations-2.9.0.jar:/Users/nehkumari/.m2/raptor2/com/fasterxml/jackson/core/jackson-core/2.9.8/jackson-core-2.9.8.jar:/Users/nehkumari/.m2/raptor2/org/projectlombok/lombok/1.18.22/lombok-1.18.22.jar:"/>
    <property name="sun.cpu.endian" value="little"/>
    <property name="user.home" value="/Users/nehkumari"/>
    <property name="user.language" value="en"/>
    <property name="java.specification.vendor" value="Oracle Corporation"/>
    <property name="java.home" value="/Library/Java/JavaVirtualMachines/zulu-8.jdk/Contents/Home/jre"/>
    <property name="basedir" value="/Users/nehkumari/Downloads/spring-boot-hibernate-crud-demo"/>
    <property name="file.separator" value="/"/>
    <property name="line.separator" value="&#10;"/>
    <property name="java.vm.specification.vendor" value="Oracle Corporation"/>
    <property name="java.specification.name" value="Java Platform API Specification"/>
    <property name="java.awt.graphicsenv" value="sun.awt.CGraphicsEnvironment"/>
    <property name="surefire.real.class.path" value="/Users/nehkumari/Downloads/spring-boot-hibernate-crud-demo/target/surefire/surefirebooter1023851259063102620.jar"/>
    <property name="sun.boot.class.path" value="/Library/Java/JavaVirtualMachines/zulu-8.jdk/Contents/Home/jre/lib/resources.jar:/Library/Java/JavaVirtualMachines/zulu-8.jdk/Contents/Home/jre/lib/rt.jar:/Library/Java/JavaVirtualMachines/zulu-8.jdk/Contents/Home/jre/lib/sunrsasign.jar:/Library/Java/JavaVirtualMachines/zulu-8.jdk/Contents/Home/jre/lib/jsse.jar:/Library/Java/JavaVirtualMachines/zulu-8.jdk/Contents/Home/jre/lib/jce.jar:/Library/Java/JavaVirtualMachines/zulu-8.jdk/Contents/Home/jre/lib/charsets.jar:/Library/Java/JavaVirtualMachines/zulu-8.jdk/Contents/Home/jre/lib/jfr.jar:/Library/Java/JavaVirtualMachines/zulu-8.jdk/Contents/Home/jre/classes"/>
    <property name="sun.management.compiler" value="HotSpot 64-Bit Tiered Compilers"/>
    <property name="java.runtime.version" value="1.8.0_232-b18"/>
    <property name="user.name" value="nehkumari"/>
    <property name="path.separator" value=":"/>
    <property name="os.version" value="10.15.7"/>
    <property name="java.endorsed.dirs" value="/Library/Java/JavaVirtualMachines/zulu-8.jdk/Contents/Home/jre/lib/endorsed"/>
    <property name="java.runtime.name" value="OpenJDK Runtime Environment"/>
    <property name="file.encoding" value="UTF-8"/>
    <property name="java.vm.name" value="OpenJDK 64-Bit Server VM"/>
    <property name="localRepository" value="/Users/nehkumari/.m2/raptor2"/>
    <property name="java.vendor.url.bug" value="http://www.azulsystems.com/support/"/>
    <property name="java.io.tmpdir" value="/var/folders/wm/j8cwwqh95_jg7vthlr1hm_480000gp/T/"/>
    <property name="idea.version" value="2020.3.2"/>
    <property name="java.version" value="1.8.0_232"/>
    <property name="user.dir" value="/Users/nehkumari/Downloads/spring-boot-hibernate-crud-demo"/>
    <property name="os.arch" value="x86_64"/>
    <property name="java.vm.specification.name" value="Java Virtual Machine Specification"/>
    <property name="java.awt.printerjob" value="sun.lwawt.macosx.CPrinterJob"/>
    <property name="sun.os.patch.level" value="unknown"/>
    <property name="java.library.path" value="/Users/nehkumari/Library/Java/Extensions:/Library/Java/Extensions:/Network/Library/Java/Extensions:/System/Library/Java/Extensions:/usr/lib/java:."/>
    <property name="java.vm.info" value="mixed mode"/>
    <property name="java.vendor" value="Azul Systems, Inc."/>
    <property name="java.vm.version" value="25.232-b18"/>
    <property name="java.ext.dirs" value="/Users/nehkumari/Library/Java/Extensions:/Library/Java/JavaVirtualMachines/zulu-8.jdk/Contents/Home/jre/lib/ext:/Library/Java/Extensions:/Network/Library/Java/Extensions:/System/Library/Java/Extensions:/usr/lib/java"/>
    <property name="sun.io.unicode.encoding" value="UnicodeBig"/>
    <property name="java.class.version" value="52.0"/>
  </properties>
  <testcase name="callBooksEndPoint" classname="com.neha.BookControllerTest" time="0.429">
    <error message="Error while extracting response for type [class org.springframework.http.ResponseEntity] and content type [application/json;charset=UTF-8]; nested exception is org.springframework.http.converter.HttpMessageNotReadableException: JSON parse error: Cannot deserialize instance of `org.springframework.http.ResponseEntity` out of START_ARRAY token; nested exception is com.fasterxml.jackson.databind.exc.MismatchedInputException: Cannot deserialize instance of `org.springframework.http.ResponseEntity` out of START_ARRAY token&#10; at [Source: (PushbackInputStream); line: 1, column: 1]" type="org.springframework.web.client.RestClientException">org.springframework.web.client.RestClientException: 
Error while extracting response for type [class org.springframework.http.ResponseEntity] and content type [application/json;charset=UTF-8]; nested exception is org.springframework.http.converter.HttpMessageNotReadableException: JSON parse error: Cannot deserialize instance of `org.springframework.http.ResponseEntity` out of START_ARRAY token; nested exception is com.fasterxml.jackson.databind.exc.MismatchedInputException: Cannot deserialize instance of `org.springframework.http.ResponseEntity` out of START_ARRAY token
 at [Source: (PushbackInputStream); line: 1, column: 1]
	at com.neha.BookControllerTest.callBooksEndPoint(BookControllerTest.java:29)
Caused by: org.springframework.http.converter.HttpMessageNotReadableException: 
JSON parse error: Cannot deserialize instance of `org.springframework.http.ResponseEntity` out of START_ARRAY token; nested exception is com.fasterxml.jackson.databind.exc.MismatchedInputException: Cannot deserialize instance of `org.springframework.http.ResponseEntity` out of START_ARRAY token
 at [Source: (PushbackInputStream); line: 1, column: 1]
	at com.neha.BookControllerTest.callBooksEndPoint(BookControllerTest.java:29)
Caused by: com.fasterxml.jackson.databind.exc.MismatchedInputException: 
Cannot deserialize instance of `org.springframework.http.ResponseEntity` out of START_ARRAY token
 at [Source: (PushbackInputStream); line: 1, column: 1]
	at com.neha.BookControllerTest.callBooksEndPoint(BookControllerTest.java:29)
</error>
    <system-out><![CDATA[16:27:47.261 [main] DEBUG org.springframework.test.context.junit4.SpringJUnit4ClassRunner - SpringJUnit4ClassRunner constructor called with [class com.neha.BookControllerTest]
16:27:47.261 [main] DEBUG org.springframework.test.context.BootstrapUtils - Instantiating CacheAwareContextLoaderDelegate from class [org.springframework.test.context.cache.DefaultCacheAwareContextLoaderDelegate]
16:27:47.261 [main] DEBUG org.springframework.test.context.BootstrapUtils - Instantiating BootstrapContext using constructor [public org.springframework.test.context.support.DefaultBootstrapContext(java.lang.Class,org.springframework.test.context.CacheAwareContextLoaderDelegate)]
16:27:47.261 [main] DEBUG org.springframework.test.context.BootstrapUtils - Instantiating TestContextBootstrapper for test class [com.neha.BookControllerTest] from class [org.springframework.boot.test.context.SpringBootTestContextBootstrapper]
16:27:47.261 [main] INFO org.springframework.boot.test.context.SpringBootTestContextBootstrapper - Neither @ContextConfiguration nor @ContextHierarchy found for test class [com.neha.BookControllerTest], using SpringBootContextLoader
16:27:47.262 [main] DEBUG org.springframework.test.context.support.AbstractContextLoader - Did not detect default resource location for test class [com.neha.BookControllerTest]: class path resource [com/neha/BookControllerTest-context.xml] does not exist
16:27:47.262 [main] DEBUG org.springframework.test.context.support.AbstractContextLoader - Did not detect default resource location for test class [com.neha.BookControllerTest]: class path resource [com/neha/BookControllerTestContext.groovy] does not exist
16:27:47.262 [main] INFO org.springframework.test.context.support.AbstractContextLoader - Could not detect default resource locations for test class [com.neha.BookControllerTest]: no resource found for suffixes {-context.xml, Context.groovy}.
16:27:47.262 [main] INFO org.springframework.test.context.support.AnnotationConfigContextLoaderUtils - Could not detect default configuration classes for test class [com.neha.BookControllerTest]: BookControllerTest does not declare any static, non-private, non-final, nested classes annotated with @Configuration.
16:27:47.264 [main] DEBUG org.springframework.test.context.support.ActiveProfilesUtils - Could not find an 'annotation declaring class' for annotation type [org.springframework.test.context.ActiveProfiles] and class [com.neha.BookControllerTest]
16:27:47.349 [main] DEBUG org.springframework.context.annotation.ClassPathScanningCandidateComponentProvider - Identified candidate component class: file [/Users/nehkumari/Downloads/spring-boot-hibernate-crud-demo/target/classes/com/neha/Application.class]
16:27:47.350 [main] INFO org.springframework.boot.test.context.SpringBootTestContextBootstrapper - Found @SpringBootConfiguration com.neha.Application for test class com.neha.BookControllerTest
16:27:47.429 [main] DEBUG org.springframework.boot.test.context.SpringBootTestContextBootstrapper - @TestExecutionListeners is not present for class [com.neha.BookControllerTest]: using defaults.
16:27:47.429 [main] INFO org.springframework.boot.test.context.SpringBootTestContextBootstrapper - Loaded default TestExecutionListener class names from location [META-INF/spring.factories]: [org.springframework.boot.test.mock.mockito.MockitoTestExecutionListener, org.springframework.boot.test.mock.mockito.ResetMocksTestExecutionListener, org.springframework.boot.test.autoconfigure.restdocs.RestDocsTestExecutionListener, org.springframework.boot.test.autoconfigure.web.client.MockRestServiceServerResetTestExecutionListener, org.springframework.boot.test.autoconfigure.web.servlet.MockMvcPrintOnlyOnFailureTestExecutionListener, org.springframework.boot.test.autoconfigure.web.servlet.WebDriverTestExecutionListener, org.springframework.test.context.web.ServletTestExecutionListener, org.springframework.test.context.support.DirtiesContextBeforeModesTestExecutionListener, org.springframework.test.context.support.DependencyInjectionTestExecutionListener, org.springframework.test.context.support.DirtiesContextTestExecutionListener, org.springframework.test.context.transaction.TransactionalTestExecutionListener, org.springframework.test.context.jdbc.SqlScriptsTestExecutionListener]
16:27:47.441 [main] INFO org.springframework.boot.test.context.SpringBootTestContextBootstrapper - Using TestExecutionListeners: [org.springframework.test.context.web.ServletTestExecutionListener@359f7cdf, org.springframework.test.context.support.DirtiesContextBeforeModesTestExecutionListener@1fa268de, org.springframework.boot.test.mock.mockito.MockitoTestExecutionListener@4f6ee6e4, org.springframework.boot.test.autoconfigure.SpringBootDependencyInjectionTestExecutionListener@4466af20, org.springframework.test.context.support.DirtiesContextTestExecutionListener@a514af7, org.springframework.test.context.transaction.TransactionalTestExecutionListener@6b927fb, org.springframework.test.context.jdbc.SqlScriptsTestExecutionListener@3e58a80e, org.springframework.boot.test.mock.mockito.ResetMocksTestExecutionListener@4fb61f4a, org.springframework.boot.test.autoconfigure.restdocs.RestDocsTestExecutionListener@4fb0f2b9, org.springframework.boot.test.autoconfigure.web.client.MockRestServiceServerResetTestExecutionListener@79924b, org.springframework.boot.test.autoconfigure.web.servlet.MockMvcPrintOnlyOnFailureTestExecutionListener@7b9a4292, org.springframework.boot.test.autoconfigure.web.servlet.WebDriverTestExecutionListener@4a94ee4]
16:27:47.442 [main] DEBUG org.springframework.test.annotation.ProfileValueUtils - Retrieved @ProfileValueSourceConfiguration [null] for test class [com.neha.BookControllerTest]
16:27:47.443 [main] DEBUG org.springframework.test.annotation.ProfileValueUtils - Retrieved ProfileValueSource type [class org.springframework.test.annotation.SystemProfileValueSource] for class [com.neha.BookControllerTest]
16:27:47.443 [main] DEBUG org.springframework.test.annotation.ProfileValueUtils - Retrieved @ProfileValueSourceConfiguration [null] for test class [com.neha.BookControllerTest]
16:27:47.443 [main] DEBUG org.springframework.test.annotation.ProfileValueUtils - Retrieved ProfileValueSource type [class org.springframework.test.annotation.SystemProfileValueSource] for class [com.neha.BookControllerTest]
16:27:47.443 [main] DEBUG org.springframework.test.annotation.ProfileValueUtils - Retrieved @ProfileValueSourceConfiguration [null] for test class [com.neha.BookControllerTest]
16:27:47.443 [main] DEBUG org.springframework.test.annotation.ProfileValueUtils - Retrieved ProfileValueSource type [class org.springframework.test.annotation.SystemProfileValueSource] for class [com.neha.BookControllerTest]
16:27:47.446 [main] DEBUG org.springframework.test.context.support.AbstractDirtiesContextTestExecutionListener - Before test class: context [DefaultTestContext@3a93b025 testClass = BookControllerTest, testInstance = [null], testMethod = [null], testException = [null], mergedContextConfiguration = [WebMergedContextConfiguration@35cabb2a testClass = BookControllerTest, locations = '{}', classes = '{class com.neha.Application}', contextInitializerClasses = '[]', activeProfiles = '{}', propertySourceLocations = '{}', propertySourceProperties = '{org.springframework.boot.test.context.SpringBootTestContextBootstrapper=true, server.port=0}', contextCustomizers = set[org.springframework.boot.test.context.filter.ExcludeFilterContextCustomizer@4493d195, org.springframework.boot.test.json.DuplicateJsonObjectContextCustomizerFactory$DuplicateJsonObjectContextCustomizer@4232c52b, org.springframework.boot.test.mock.mockito.MockitoContextCustomizer@0, org.springframework.boot.test.web.client.TestRestTemplateContextCustomizer@467aecef, org.springframework.boot.test.autoconfigure.properties.PropertyMappingContextCustomizer@0, org.springframework.boot.test.autoconfigure.web.servlet.WebDriverContextCustomizerFactory$Customizer@6b57696f], resourceBasePath = 'src/main/webapp', contextLoader = 'org.springframework.boot.test.context.SpringBootContextLoader', parent = [null]], attributes = map['org.springframework.test.context.web.ServletTestExecutionListener.activateListener' -> false]], class annotated with @DirtiesContext [false] with mode [null].
16:27:47.446 [main] DEBUG org.springframework.test.annotation.ProfileValueUtils - Retrieved @ProfileValueSourceConfiguration [null] for test class [com.neha.BookControllerTest]
16:27:47.446 [main] DEBUG org.springframework.test.annotation.ProfileValueUtils - Retrieved ProfileValueSource type [class org.springframework.test.annotation.SystemProfileValueSource] for class [com.neha.BookControllerTest]
16:27:47.449 [main] DEBUG org.springframework.test.context.support.DependencyInjectionTestExecutionListener - Performing dependency injection for test context [[DefaultTestContext@3a93b025 testClass = BookControllerTest, testInstance = com.neha.BookControllerTest@4550bb58, testMethod = [null], testException = [null], mergedContextConfiguration = [WebMergedContextConfiguration@35cabb2a testClass = BookControllerTest, locations = '{}', classes = '{class com.neha.Application}', contextInitializerClasses = '[]', activeProfiles = '{}', propertySourceLocations = '{}', propertySourceProperties = '{org.springframework.boot.test.context.SpringBootTestContextBootstrapper=true, server.port=0}', contextCustomizers = set[org.springframework.boot.test.context.filter.ExcludeFilterContextCustomizer@4493d195, org.springframework.boot.test.json.DuplicateJsonObjectContextCustomizerFactory$DuplicateJsonObjectContextCustomizer@4232c52b, org.springframework.boot.test.mock.mockito.MockitoContextCustomizer@0, org.springframework.boot.test.web.client.TestRestTemplateContextCustomizer@467aecef, org.springframework.boot.test.autoconfigure.properties.PropertyMappingContextCustomizer@0, org.springframework.boot.test.autoconfigure.web.servlet.WebDriverContextCustomizerFactory$Customizer@6b57696f], resourceBasePath = 'src/main/webapp', contextLoader = 'org.springframework.boot.test.context.SpringBootContextLoader', parent = [null]], attributes = map['org.springframework.test.context.web.ServletTestExecutionListener.activateListener' -> false]]].
16:27:47.461 [main] DEBUG org.springframework.test.context.support.TestPropertySourceUtils - Adding inlined properties to environment: {spring.jmx.enabled=false, org.springframework.boot.test.context.SpringBootTestContextBootstrapper=true, server.port=0}

  .   ____          _            __ _ _
 /\\ / ___'_ __ _ _(_)_ __  __ _ \ \ \ \
( ( )\___ | '_ | '_| | '_ \/ _` | \ \ \ \
 \\/  ___)| |_)| | | | | || (_| |  ) ) ) )
  '  |____| .__|_| |_|_| |_\__, | / / / /
 =========|_|==============|___/=/_/_/_/
 :: Spring Boot ::        (v2.1.5.RELEASE)

2021-11-18 16:27:47 - Starting BookControllerTest on LM-BGL-40510360 with PID 59983 (started by nehkumari in /Users/nehkumari/Downloads/spring-boot-hibernate-crud-demo)
2021-11-18 16:27:47 - No active profile set, falling back to default profiles: default
2021-11-18 16:27:48 - Bootstrapping Spring Data repositories in DEFAULT mode.
2021-11-18 16:27:48 - Finished Spring Data repository scanning in 46ms. Found 2 repository interfaces.
2021-11-18 16:27:48 - Bean 'org.springframework.transaction.annotation.ProxyTransactionManagementConfiguration' of type [org.springframework.transaction.annotation.ProxyTransactionManagementConfiguration$$EnhancerBySpringCGLIB$$587b0ccf] is not eligible for getting processed by all BeanPostProcessors (for example: not eligible for auto-proxying)
2021-11-18 16:27:48 - Tomcat initialized with port(s): 0 (http)
2021-11-18 16:27:48 - Starting service [Tomcat]
2021-11-18 16:27:48 - Starting Servlet engine: [Apache Tomcat/9.0.19]
2021-11-18 16:27:48 - Initializing Spring embedded WebApplicationContext
2021-11-18 16:27:48 - Root WebApplicationContext: initialization completed in 1237 ms
2021-11-18 16:27:49 - HikariPool-1 - Starting...
2021-11-18 16:27:49 - HikariPool-1 - Start completed.
2021-11-18 16:27:49 - HHH000204: Processing PersistenceUnitInfo [
	name: default
	...]
2021-11-18 16:27:49 - HHH000412: Hibernate Core {5.3.10.Final}
2021-11-18 16:27:49 - HHH000206: hibernate.properties not found
2021-11-18 16:27:49 - HCANN000001: Hibernate Commons Annotations {5.0.4.Final}
2021-11-18 16:27:49 - HHH000400: Using dialect: org.hibernate.dialect.H2Dialect
2021-11-18 16:27:50 - Initialized JPA EntityManagerFactory for persistence unit 'default'
2021-11-18 16:27:50 - Initializing ExecutorService 'applicationTaskExecutor'
2021-11-18 16:27:50 - spring.jpa.open-in-view is enabled by default. Therefore, database queries may be performed during view rendering. Explicitly configure spring.jpa.open-in-view to disable this warning
2021-11-18 16:27:51 - Cannot find template location: classpath:/templates/ (please add some templates or check your Thymeleaf configuration)
2021-11-18 16:27:51 - Tomcat started on port(s): 65343 (http) with context path ''
2021-11-18 16:27:51 - Started BookControllerTest in 3.792 seconds (JVM running for 4.385)
2021-11-18 16:27:51 - Initializing Spring DispatcherServlet 'dispatcherServlet'
2021-11-18 16:27:51 - Initializing Servlet 'dispatcherServlet'
2021-11-18 16:27:51 - Completed initialization in 21 ms
2021-11-18 16:27:51 - HHH000397: Using ASTQueryTranslatorFactory
Hibernate: 
    select
        book0_.id as id1_0_,
        book0_.copies as copies2_0_,
        book0_.title as title3_0_,
        book0_.user_id as user_id4_0_ 
    from
        tbl_modern_books book0_
]]></system-out>
  </testcase>
</testsuite>